Result file of new_var_up.sh on 10/08/14, at 13:28:43 

     Variable name    FoM

All possible sets of 1 variables
        svfit_mass   0.709771
         dr_leptau   0.341395
             jdeta   0.89546
               mjj   0.929065
         jeta1eta2   0.897585
            pt_tot   0.501072
    met_centrality   0.258832
              mt_1   0.384419
 lep_etacentrality   0.481717
            pt_sum   0.415477
        sphericity   0.540437
              mvis   1.16828
Variable mvis added, FoM 1.16828

Results Preproflags
global_prepro_flag 22
              mvis 24

All possible sets of 2 variables
        svfit_mass   1.52477
         dr_leptau   1.40953
             jdeta   1.61038
               mjj   1.70983
         jeta1eta2    1.5195
            pt_tot   1.30863
    met_centrality   1.23055
              mt_1   1.26896
 lep_etacentrality   1.34701
            pt_sum   1.16915
        sphericity   1.17997
Variable mjj added, FoM 1.70983

Results Preproflags
global_prepro_flag 01
               mjj 24
              mvis 24

All possible sets of 3 variables
        svfit_mass   1.84601
         dr_leptau   1.52683
             jdeta   1.72167
         jeta1eta2   1.72593
            pt_tot   1.86504
    met_centrality   1.79836
              mt_1   1.68617
 lep_etacentrality   1.84625
            pt_sum   1.79231
        sphericity   1.72881
Variable pt_tot added, FoM 1.86504

Results Preproflags
global_prepro_flag 22
               mjj 25
            pt_tot 23
              mvis 24

All possible sets of 4 variables
        svfit_mass   2.00241
         dr_leptau    1.8522
             jdeta   1.87696
         jeta1eta2    1.9778
    met_centrality   1.97892
              mt_1   1.96706
 lep_etacentrality   2.07319
            pt_sum   2.02316
        sphericity   1.94464
Variable lep_etacentrality added, FoM 2.07319

Results Preproflags
global_prepro_flag 22
               mjj 25
            pt_tot 23
 lep_etacentrality 24
              mvis 24

All possible sets of 5 variables
        svfit_mass   2.03249
         dr_leptau   1.89526
             jdeta   2.02666
         jeta1eta2   1.94691
    met_centrality   2.09807
              mt_1   2.03123
            pt_sum   2.07183
        sphericity   2.08371
Variable met_centrality added, FoM 2.09807

Results Preproflags
global_prepro_flag 22
               mjj 12
            pt_tot 25
    met_centrality 23
 lep_etacentrality 24
              mvis 24

All possible sets of 6 variables
        svfit_mass   2.06586
         dr_leptau   1.71237
             jdeta   2.15136
         jeta1eta2   2.17486
              mt_1   2.21919
            pt_sum   2.20708
        sphericity   2.16186
Variable mt_1 added, FoM 2.21919

Results Preproflags
global_prepro_flag 22
               mjj 12
            pt_tot 12
    met_centrality 23
              mt_1 12
 lep_etacentrality 23
              mvis 24

All possible sets of 7 variables
        svfit_mass   1.96186
         dr_leptau   1.73662
             jdeta   1.69189
         jeta1eta2   1.73987
            pt_sum   2.19392
        sphericity   1.69631
Variable pt_sum added, FoM 2.19392

Results Preproflags
global_prepro_flag 22
               mjj 12
            pt_tot 23
    met_centrality 23
              mt_1 12
 lep_etacentrality 24
            pt_sum 23
              mvis 24

All possible sets of 8 variables
        svfit_mass   1.93168
         dr_leptau   1.98761
             jdeta   2.09976
         jeta1eta2    2.1717
        sphericity   2.01945
Variable jeta1eta2 added, FoM 2.1717

Results Preproflags
global_prepro_flag 22
               mjj 23
         jeta1eta2 25
            pt_tot 25
    met_centrality 14
              mt_1 12
 lep_etacentrality 24
            pt_sum 23
              mvis 24
