
Individual Prepro Flag, svfit_mass
12   1.8842
14  2.36647
15  1.99168
23  1.75477
24  2.56934
25  2.25679

Individual Prepro Flag, jdeta
12  2.42828
14  2.38514
15  2.27254
23  2.20295
24  2.56934
25  2.29936

Individual Prepro Flag, pt_tot
12  2.27721
14  2.30563
15  2.21978
23  2.28322
24  2.50792
25  2.56934

Individual Prepro Flag, met_centrality
12  2.48114
14   2.3567
15  2.47423
23  2.56934
24  2.45113
25  2.32766

Individual Prepro Flag, lep_etacentrality
12  2.56934
14  2.40899
15  2.32978
23  2.35045
24  2.41051
25  2.42539

Individual Prepro Flag, pt_sum
12  2.36452
14  2.36086
15   2.4604
23  2.56934
24  2.37428
25  2.33244

Individual Prepro Flag, mvis
12  2.41456
14  2.56934
15   2.5443
23  2.36416
24  2.33941
25  2.51683
