
==> Start TMVATraining
--- Factory                  : You are running ROOT Version: 5.34/09, Jun 26, 2013
--- Factory                  : 
--- Factory                  : _/_/_/_/_/ _|      _|  _|      _|    _|_|   
--- Factory                  :    _/      _|_|  _|_|  _|      _|  _|    _| 
--- Factory                  :   _/       _|  _|  _|  _|      _|  _|_|_|_| 
--- Factory                  :  _/        _|      _|    _|  _|    _|    _| 
--- Factory                  : _/         _|      _|      _|      _|    _| 
--- Factory                  : 
--- Factory                  : ___________TMVA Version 4.1.4, Dec 04, 2012
--- Factory                  : 
--- TMVA Training: Variable 1: svfit_mass
--- TMVA Training: Bool 1, short m_{sv}, unit GeV, type F
--- TMVA Training: Variable dr_leptau is not used for training.
--- TMVA Training: Variable 3: jdeta
--- TMVA Training: Bool 1, short #Delta#eta_{j1j2}, unit "", type F
--- TMVA Training: Variable mjj is not used for training.
--- TMVA Training: Variable jeta1eta2 is not used for training.
--- TMVA Training: Variable 6: pt_tot
--- TMVA Training: Bool 1, short p_{T}^{tot}, unit GeV, type F
--- TMVA Training: Variable 7: met_centrality
--- TMVA Training: Bool 1, short E_{T}^{miss} centrality, unit "", type F
--- TMVA Training: Variable mt_1 is not used for training.
--- TMVA Training: Variable 9: lep_etacentrality
--- TMVA Training: Bool 1, short lep #eta centrality, unit "", type F
--- TMVA Training: Variable 10: pt_sum
--- TMVA Training: Bool 1, short p_{T}^{sum}, unit GeV, type F
--- TMVA Training: Variable sphericity is not used for training.
--- TMVA Training: Variable 12: mvis
--- TMVA Training: Bool 1, short m_{vis}, unit GeV, type F
--- TMVA Training: Using Input File /afs/cern.ch/user/e/ebrondol/nb1/Input/train_mvain_mu_sync_vbfhiggs_0.root as signal.
--- DataSetInfo              : Added class "Signal"	 with internal class number 0
--- Factory                  : Add Tree TauCheck of type Signal with 5446 events
--- TMVA Training: Using Input File /afs/cern.ch/user/e/ebrondol/nb1/Input/train_mvain_mu_sync_dy1j_0.root as background.
--- DataSetInfo              : Added class "Background"	 with internal class number 1
--- Factory                  : Add Tree TauCheck of type Background with 108 events
--- TMVA Training: Using Input File /afs/cern.ch/user/e/ebrondol/nb1/Input/train_mvain_mu_sync_dy2j_0.root as background.
--- Factory                  : Add Tree TauCheck of type Background with 1731 events
--- TMVA Training: Using Input File /afs/cern.ch/user/e/ebrondol/nb1/Input/train_mvain_mu_sync_dy3j_0.root as background.
--- Factory                  : Add Tree TauCheck of type Background with 2128 events
--- TMVA Training: Using Input File /afs/cern.ch/user/e/ebrondol/nb1/Input/train_mvain_mu_sync_dy4j_0.root as background.
--- Factory                  : Add Tree TauCheck of type Background with 1949 events
--- TMVA Training: PrepareTrainingAndTestTree
--- DataSetInfo              : Class index : 0  name : Signal
--- DataSetInfo              : Class index : 1  name : Background
--- TMVA Training: BookMethod
--- Factory                  : Booking method: [1mNeuroBayes[0m
--- Configurable             : Parsing option string: 
--- Configurable             : ... "!H:V:CreateMVAPdfs:!Analysis:Preprocessing=22:NTrainingIter=10:Regularisation=OFF:LossFunc=ENTROPY:ShapeTreat=INCL:LearingSpeed=0.8:LimitLearingSpeed=1000:NBIndiPreproFlagList=24,24,25,23,12,23,14"
--- Configurable             : The following options are set:
--- Configurable             : - By User:
--- Configurable             :     <none>
--- Configurable             : - Default:
--- Configurable             :     Boost_num: "0" [Number of times the classifier will be boosted]
Hashes are equal, training granted
 
*********************************************
* This product is licenced for educational  *
* and scientific use only. Commercial use   *
* is prohibited !                           *
*********************************************
 
 Your number of nodes in the input layer is:           8
 Your number of nodes in the hidden layer is:           9
 Your number of nodes in the output layer is:           1
 You want to do classification
--- NeuroBayes               : Teacher Constructor was called
--- NeuroBayes               : Declare NeuroBayes Options
--- NeuroBayes               : Parsing option string: 
--- NeuroBayes               : ... "!H:V:CreateMVAPdfs:!Analysis:Preprocessing=22:NTrainingIter=10:Regularisation=OFF:LossFunc=ENTROPY:ShapeTreat=INCL:LearingSpeed=0.8:LimitLearingSpeed=1000:NBIndiPreproFlagList=24,24,25,23,12,23,14"
--- NeuroBayes               : The following options are set:
--- NeuroBayes               : - By User:
--- NeuroBayes               :     V: "True" [Verbose output (short form of "VerbosityLevel" below - overrides the latter one)]
--- NeuroBayes               :     H: "False" [Print method-specific help message]
--- NeuroBayes               :     CreateMVAPdfs: "True" [Create PDFs for classifier outputs (signal and background)]
--- NeuroBayes               :     Analysis: "False" [You may chose whether you want to run the NeuroBayes analysis macro or not (default=yes)]
--- NeuroBayes               :     Regularisation: "OFF" [Type of regularisation: Possible choices are: OFF , REG (default), ARD , ASR, ALL.]
--- NeuroBayes               :     Preprocessing: "22" [Type of preprocessing: Refer to NeuroBayes-Howto A.1 for Details.]
--- NeuroBayes               :     LossFunc: "ENTROPY" [Type of loss-function: Possible choices are ENTROPY (default), QUADRATIC and COMBINED .]
--- NeuroBayes               :     ShapeTreat: "INCL" [Shape treatment: Possible choices are OFF, INCL, MARGINAL, DIAG and TOL.]
--- NeuroBayes               :     NtrainingIter: "10" [Number of training iterations: This parameter defines the number of training iterations.]
--- NeuroBayes               :     NBIndiPreproFlagList: "24,24,25,23,12,23,14" [Set individual preprocessing flags in a coma seperated string,  e.g. 12,12,12,12. See NeuroBayes-HowTo for infos]
--- NeuroBayes               : - Default:
--- NeuroBayes               :     VerbosityLevel: "Default" [Verbosity level]
--- NeuroBayes               :     VarTransform: "None" [List of variable transformations performed before training, e.g., "D_Background,P_Signal,G,N_AllClasses" for: "Decorrelation, PCA-transformation, Gaussianisation, Normalisation, each for the given class of events ('AllClasses' denotes all events of all classes, if no class indication is given, 'All' is assumed)"]
--- NeuroBayes               :     IgnoreNegWeightsInTraining: "False" [Events with negative weights are ignored in the training (but are included for testing and performance evaluation)]
--- NeuroBayes               :     Momentum: "0.000000e+00" [Optionally, a momentum can be specified for the training.]
--- NeuroBayes               :     WeightUpdate: "200" [Weight update: Normally, the weights are updated every 200 events.]
--- NeuroBayes               :     LearningSpeed: "1.000000e+00" [Increase learning speed by a multiplicative factor.]
--- NeuroBayes               :     LimitLearningSpeed: "1.000000e+00" [Limit learning speed: The maximal learning speed may be limited]
--- NeuroBayes               :     TrainingMethod: "NOBFGS" [Training Method: It is possible to use the BFGS algorithm]
--- NeuroBayes               :     NBIndiPreproFlagByVarname: "" [Set individual preprocessing flags in a coma seperated string, e.g. varname1=<PreproFlag>.<1stPreproparam>.<2ndPreproparam>...,varname2=19,...]
--- NeuroBayes               : Processing Options
 global preprocessing flag:          22
 You want to use the global preprocessing flag          22
 You dont want to use regularisation
 You use entropy as a loss function
 You want to fix the inclusive shape
 Weight update after         200  events
 You use momentum:   0.0000000
 You want to speed up learning by a factor of   1.0000000
 You want to limit the learning rate to   1.0000000
 You want to run          10  iterations
 You do not want to use the BFGS algorithm
--- NeuroBayes               : You set the following Preprocessing Flags for the Variables
--- NeuroBayes               : Preprocessing for variable svfit_mass is set to 24
--- NeuroBayes               : Preprocessing for variable jdeta is set to 24
--- NeuroBayes               : Preprocessing for variable pt_tot is set to 25
--- NeuroBayes               : Preprocessing for variable met_centrality is set to 23
--- NeuroBayes               : Preprocessing for variable lep_etacentrality is set to 12
--- NeuroBayes               : Preprocessing for variable pt_sum is set to 23
--- NeuroBayes               : Preprocessing for variable mvis is set to 14
[37;41;1m--- <FATAL> NeuroBayes               : The following options were specified, but could not be interpreted: 'LearingSpeed=0.8:LimitLearingSpeed=1000', please check![0m
***> abort program execution
