Result file of run_var_up.sh on 10/08/14, at 12:32:02 

     Variable name    FoM

All possible sets of 1 variables
        svfit_mass   1.51636
         dr_leptau   1.35377
             jdeta   1.66358
               mjj   1.66505
         jeta1eta2   1.66389
            pt_tot    1.5515
    met_centrality   1.39113
              mt_1   1.33924
Variable mjj added, FoM 1.66505

Results Preproflags
global_prepro_flag 01
               mjj 24
 lep_etacentrality 14
            pt_sum 23
        sphericity 14
              mvis 14

All possible sets of 2 variables
        svfit_mass   1.74813
         dr_leptau   1.74764
             jdeta   1.81412
         jeta1eta2   1.77248
            pt_tot   1.94879
    met_centrality   1.94879
              mt_1   1.94879
Variable pt_tot added, FoM 1.94879

Results Preproflags
global_prepro_flag 22
               mjj 25
            pt_tot 25
 lep_etacentrality 14
            pt_sum 12
        sphericity 14
              mvis 14

All possible sets of 3 variables
        svfit_mass   2.27269
         dr_leptau   1.95587
             jdeta   2.01277
         jeta1eta2   2.05606
